# CVS $Revision: 20154 $ $Author: amaitland $ -- Fri Oct 19 20:16:09 2012 -- reformated by prettylst.pl v1.39 (build 15052)
SOURCELONG:My Campaign	SOURCESHORT:My	SOURCEWEB:http://www.mywebsite.com	SOURCEDATE:2008-01

#insert your data here

#Every line that starts with a '#' is a comment. You may want to remove these comments, if you use this file to set up
#your own data. Remember not to put the '#' at the start of your own data, as PCGen would see it as a comment only.
#
#When Running PCGen, you can select "Help > Documentation > List Files > List File Tag Index > Class File tags" to find
#out how the tags in the classes file work. Some of the tags used here are global tags. You will see an alphabetical
#listing of all PCGen tags to the left of the documentation window. You can find the global tags there as well.
#
#
#
#
#####Example

# Class Name	Hit Dice	Type			Abbreviation	Max Level	Source Page				Save checks bonus												Combat bonus
#CLASS:Rogue		HD:6		TYPE:Base.PC	ABB:Rog		MAXLEVEL:20	SOURCEPAGE:ClassesII.rtf	BONUS:CHECKS|BASE.Reflex|CL/2+2	BONUS:CHECKS|BASE.Fortitude,BASE.Will|CL/3	BONUS:COMBAT|BAB|CL*3/4|TYPE=Base.REPLACE
# Class Name	Skill Pts/Lvl	Class Skill
#CLASS:Rogue		STARTSKILLPTS:8	CSKILL:Appraise|Balance|Bluff|Climb|TYPE.Craft|Decipher Script|Diplomacy|Disable Device|Disguise|Escape Artist|Forgery|Gather Information|Hide|Intimidate|Jump|Knowledge (Local)|Listen|Move Silently|Open Lock|TYPE.Perform|TYPE.Profession|Search|Sense Motive|Sleight of Hand|Spot|Swim|Tumble|Use Magic Device|Use Rope
###Block:Proficiencies
#1	ABILITY:Special Ability|AUTOMATIC|Rogue Weapon Proficiencies|All Automatic Proficiencies	AUTO:FEAT|Simple Weapon Proficiency
#1																AUTO:FEAT|Armor Proficiency (Light)
###Block: Level progression
#1											BONUS:VAR|RogueSneakAttackLVL|CL												ABILITY:Special Ability|AUTOMATIC|Trapfinding|Sneak Attack|Rogue Sneak Attack
#2																												ABILITY:Special Ability|AUTOMATIC|Evasion
#3											BONUS:VAR|RogueTrapSenseLVL|CL												ABILITY:Special Ability|AUTOMATIC|Trap Sense Ability|Rogue Trap Sense
#4											BONUS:VAR|UncannyDodgeFlankingLevel|CL|TYPE=EachClass.REPLACE	BONUS:VAR|UncannyDodgeLevel|CL/4	ABILITY:Special Ability|AUTOMATIC|Uncanny Dodge ~ Base
#10	BONUS:ABILITYPOOL|Rogue Special Ability|min(4,(CL-7)/3)

#####
#Class files are where each class is listed, given it's important information for the correct output and functioning of the
#class. Each class has 2 components to it: The main class line and the class level line. The class line begins with CLASS
#and the class level line begins with a level # (0, 1, 2, etc).
#
#The CLASS tag tells PCGen the class name and sets up the relationships with skills and spells. This line can be entered
#multiple times in a single class entry (appearing on separate lines) for purposes of making the lines easier to read in an
#editor (so as to not have to scroll forever to reach the end of the class line). THIS MUST BE THE FIRST TAG!!!
#
#The HD tag sets the Hit Die used to determine hit points at each level gained.
#
#The TYPE tag is used within the filters of PCGen to sort the classes by their respective types (makes it easier to find a
#specific class).
#
#The ABB tag can be used to hold a 3-5 letter abbreviation of the class name.
#
#The MAXLEVEL tag sets the maximum number of levels of the class you can add to a character. You can use MAXLEVEL:NOLIMIT in addition to a number.
#
#The SOURCEPAGE tag can be used to hold a reference to where you can find the class. This will be displayed in PCGen. Example: SOURCEPAGE:p.5
#
#The AUTO:LANG tag is holding a list of languages that the character automatically gains.
#
#The BONUS tags are a group of similar tags, that grant some form of Bonus to another already existing tag. To read a description
#of them, look in the List File Tag Index under the topic "Bonus tags".
#
#The STARTSKILLPTS tag determines how many skill points a character gains per level.
#
#The CSKILL tag grants the listed skills as class skills. When used in a classes.lst, it grants the class skills only to the
#class it is actually in.
#
#The AUTO:FEAT tag holds a list of feats that the class automatically gets.
#
#The ABILITY tag will grant the listed abilities to the character (This ties to the ABILITY FILE)
#
#The SAB tag is holding a text that will be displayed as Special Ability on the output sheet. (We use ABILITY these days)
#
#The ADD:FEAT tag will give the character a choice of one from the feats listed in the parentheses. If the feat being added
#has a chooser ADD:FEAT is the only tag which will activate it (VFEAT, MFEAT and FEATAUTO will not). Besides of ADD:FEAT, there
#is a multitude of ADD tags in PCGen. You can look them up in the List File Tag Index under the topic "ADD Tags".

# Class Name		Hit Dice	Type			Class Type			Abbreviation	Source Page		Combat bonus												Bonus
CLASS:True Necromancer	HD:6		TYPE:PC.Prestige	CLASSTYPE:Prestige	ABB:TNec		SOURCEPAGE:p.192	BONUS:COMBAT|BASEAB|classlevel("APPLIEDAS=NONEPIC")*1/2|PREVAREQ:UseFractionalBAB,0	BONUS:SAVE|BASE.Will|classlevel("APPLIEDAS=NONEPIC")/2+2	BONUS:SAVE|BASE.Reflex|classlevel("APPLIEDAS=NONEPIC")/3	BONUS:SAVE|BASE.Fortitude|classlevel("APPLIEDAS=NONEPIC")/2
# Class Name		Required Skill								Req. Spell Type
CLASS:True Necromancer	PRESKILL:2,Knowledge (Arcana)=8,Knowledge (Religion)=8	PRESPELLTYPE:1,Arcane=3	PRESPELLTYPE:1,Divine=3	PREFEAT:1,Spell Focus (necromancy)
# Class Name		Skill Pts/Lvl	Class Skill
CLASS:True Necromancer	STARTSKILLPTS:2	CSKILL:Concentration|TYPE=Craft|Heal|Knowledge (Arcana)|Knowledge (Religion)|TYPE=Profession|Search|Spellcraft
###Block:
1	ABILITY:True Necromancer Class Feature|AUTOMATIC|True Necromancer ~ Weapon and Armor Proficiency
1	ABILITY:True Necromancer Class Feature|AUTOMATIC|True Necromancer ~ Spells per Day
1	ABILITY:True Necromancer Class Feature|AUTOMATIC|True Necromancer ~ Rebuke undead
2	ABILITY:True Necromancer Class Feature|AUTOMATIC|True Necromancer ~ Create undead
3	ABILITY:True Necromancer Class Feature|AUTOMATIC|True Necromancer ~ Necromantic prowess
4	ABILITY:True Necromancer Class Feature|AUTOMATIC|True Necromancer ~ Zone of desecration
#5	ABILITY:True Necromancer Class Feature|AUTOMATIC|True Necromancer ~ Create undead 2/day
#6	ABILITY:True Necromancer Class Feature|AUTOMATIC|True Necromancer ~ Necromantic prowess (+2)
7	ABILITY:True Necromancer Class Feature|AUTOMATIC|True Necromancer ~ Major desecration
8	ABILITY:True Necromancer Class Feature|AUTOMATIC|True Necromancer ~ Create greater undead
#9	ABILITY:True Necromancer Class Feature|AUTOMATIC|True Necromancer ~ Necromantic prowess (+3)
10	ABILITY:True Necromancer Class Feature|AUTOMATIC|True Necromancer ~ Horrid wilting
#11	ABILITY:True Necromancer Class Feature|AUTOMATIC|True Necromancer ~ Create greater undead 2/day
#12	ABILITY:True Necromancer Class Feature|AUTOMATIC|True Necromancer ~ Necromantic prowess (+4)
13	ABILITY:True Necromancer Class Feature|AUTOMATIC|True Necromancer ~ Energy drain
14	ABILITY:True Necromancer Class Feature|AUTOMATIC|True Necromancer ~ Wail of the banshee
###Block:
1	ADD:SPELLCASTER|Arcane
2	ADD:SPELLCASTER|Divine
3	ADD:SPELLCASTER|Arcane	ADD:SPELLCASTER|Divine
4	ADD:SPELLCASTER|Arcane	ADD:SPELLCASTER|Divine
5	ADD:SPELLCASTER|Arcane	ADD:SPELLCASTER|Divine
6	ADD:SPELLCASTER|Arcane
7	ADD:SPELLCASTER|Divine
8	ADD:SPELLCASTER|Arcane	ADD:SPELLCASTER|Divine
9	ADD:SPELLCASTER|Arcane	ADD:SPELLCASTER|Divine
10	ADD:SPELLCASTER|Arcane	ADD:SPELLCASTER|Divine
11	ADD:SPELLCASTER|Arcane	ADD:SPELLCASTER|Divine
12	ADD:SPELLCASTER|Arcane	ADD:SPELLCASTER|Divine
13	ADD:SPELLCASTER|Arcane	ADD:SPELLCASTER|Divine
14	ADD:SPELLCASTER|Arcane	ADD:SPELLCASTER|Divine
###Block:
15	PREPCLEVEL:MIN=20


# Class Name	Hit Dice	Type					Abbreviation	Max Level	Source Page		Define			Combat bonus											Modify VAR				Bonus
CLASS:Kobold Paragon	HD:6		TYPE:PC.Prestige.Paragon	ABB:Par		MAXLEVEL:3	SOURCEPAGE:p.35	DEFINE:KoboldParagonLVL|0	BONUS:COMBAT|BASEAB|classlevel("APPLIEDAS=NONEPIC")*3/4|TYPE=Base.REPLACE	BONUS:VAR|KoboldParagonLVL|CL	BONUS:SAVE|BASE.Reflex,BASE.Will|classlevel("APPLIEDAS=NONEPIC")/2+2	BONUS:SAVE|BASE.Fortitude|classlevel("APPLIEDAS=NONEPIC")/3
# Class Name	Multiple Requirements
CLASS:Kobold Paragon	PRERACE:1,Kobold
# Class Name	Skill Pts/Lvl	Class Skill
CLASS:Kobold Paragon	STARTSKILLPTS:4	CSKILL:Bluff|Climb|Concentration|TYPE=Craft|Disable Device|Escape Artist|Gather Information|Hide|Jump|Knowledge (Arcana)|Knowledge (dungeoneering)|Listen|Move Silently|TYPE=Profession|Search|Spellcraft|Spot|Swim
###Block: Proficiencies
1	ABILITY:Special Ability|AUTOMATIC|Manual Expertise ~ Kobold Paragon|Tunnel Defense ~ Kobold Paragon|Weapon and Armor Proficiency ~ Kobold Paragon
2	ABILITY:Special Ability|AUTOMATIC|Spells ~ Kobold Paragon|Improved Darkvision ~ Kobold Paragon|No Light Sensitivity ~ Kobold Paragon
3	ABILITY:Special Ability|AUTOMATIC|Ability Boost ~ Kobold Paragon
###Block: Class Features
2	BONUS:PCLEVEL|Sorcerer|1
3	BONUS:PCLEVEL|Sorcerer|1






# Class Name	Hit Dice	Type						Class Type		Abbreviation	Source Page		Bonus Languages					Group of Prohibited Spells																																																						Define			Combat bonus												Add domain number		Modify VAR			Template				Monster Role	Bonus
CLASS:Cleric-Wizard	HD:6		TYPE:Base.PC.Spellcaster.Divine.Arcane	CLASSTYPE:PC	ABB:ClrWiz		SOURCEPAGE:p.xx	LANGBONUS:Abyssal,Celestial,Infernal,Draconic	PROHIBITSPELL:ALIGNMENT.Chaotic|PREMULT:1,[PREALIGN:LG,LN,LE],[PREDEITYALIGN:LG,LN,LE]	PROHIBITSPELL:ALIGNMENT.Evil|PREMULT:1,[PREALIGN:LG,NG,CG],[PREDEITYALIGN:LG,NG,CG]	PROHIBITSPELL:ALIGNMENT.Good|PREMULT:1,[PREALIGN:LE,NE,CE],[PREDEITYALIGN:LE,NE,CE]	PROHIBITSPELL:ALIGNMENT.Lawful|PREMULT:1,[PREALIGN:CG,CN,CE],[PREDEITYALIGN:CG,CN,CE] PROHIBITSPELL:SCHOOL.Abjuration|PREVARGTEQ:ProhibitAbjuration,1	PROHIBITSPELL:SCHOOL.Conjuration|PREVARGTEQ:ProhibitConjuration,1	PROHIBITSPELL:SCHOOL.Divination|PREVARGTEQ:ProhibitDivination,1	PROHIBITSPELL:SCHOOL.Enchantment|PREVARGTEQ:ProhibitEnchantment,1	PROHIBITSPELL:SCHOOL.Evocation|PREVARGTEQ:ProhibitEvocation,1	PROHIBITSPELL:SCHOOL.Illusion|PREVARGTEQ:ProhibitIllusion,1	PROHIBITSPELL:SCHOOL.Necromancy|PREVARGTEQ:ProhibitNecromancy,1	PROHIBITSPELL:SCHOOL.Transmutation|PREVARGTEQ:ProhibitTransmutation,1	DEFINE:ClericLVL|0	BONUS:COMBAT|BASEAB|classlevel("APPLIEDAS=NONEPIC")*3/4|PREVAREQ:UseFractionalBAB,0	BONUS:DOMAIN|NUMBER|2	BONUS:VAR|ClericLVL|CL	TEMPLATE:RighteousMightDR	ROLE:Cleric		BONUS:SAVE|BASE.Fortitude,BASE.Will|classlevel("APPLIEDAS=NONEPIC")/2+2	BONUS:SAVE|BASE.Reflex|classlevel("APPLIEDAS=NONEPIC")/3
# Class Name	Skill Pts/Lvl	Class Skill
CLASS:Cleric	STARTSKILLPTS:2	CSKILL:Concentration|TYPE=Craft|Diplomacy|Heal|Knowledge (Arcana)|Knowledge (History)|Knowledge (Religion)|Knowledge (The Planes)|TYPE=Profession|Spellcraft
# Class Name	Spell Stat		Spell Type		Automatically Known Spell Levels											Caster level
CLASS:Cleric	SPELLSTAT:WIS	SPELLTYPE:Divine	KNOWNSPELLS:LEVEL=0|LEVEL=1|LEVEL=2|LEVEL=3|LEVEL=4|LEVEL=5|LEVEL=6|LEVEL=7|LEVEL=8|LEVEL=9	BONUS:CASTERLEVEL|Cleric|CL
###Block:
1	ABILITY:Cleric Class Feature|AUTOMATIC|Cleric ~ Weapon and Armor Proficiency|!PREABILITY:1,CATEGORY=ACF,TYPE.ClericProficiences
1	ABILITY:Cleric Class Feature|AUTOMATIC|Cleric ~ Aura
1	ABILITY:Cleric Class Feature|AUTOMATIC|Cleric ~ Spells
1	ABILITY:Cleric Class Feature|AUTOMATIC|Cleric ~ Spontaneous Casting
1	ABILITY:Cleric Class Feature|AUTOMATIC|Cleric ~ Turn or Rebuke Undead
###Block:
1	CAST:3,1
2	CAST:4,2
3	CAST:4,2,1
4	CAST:5,3,2
5	CAST:5,3,2,1
6	CAST:5,3,3,2
7	CAST:6,4,3,2,1
8	CAST:6,4,3,3,2
9	CAST:6,4,4,3,2,1
10	CAST:6,4,4,3,3,2
11	CAST:6,5,4,4,3,2,1
12	CAST:6,5,4,4,3,3,2
13	CAST:6,5,5,4,4,3,2,1
14	CAST:6,5,5,4,4,3,3,2
15	CAST:6,5,5,5,4,4,3,2,1
16	CAST:6,5,5,5,4,4,3,3,2
17	CAST:6,5,5,5,5,4,4,3,2,1
18	CAST:6,5,5,5,5,4,4,3,3,2
19	CAST:6,5,5,5,5,5,4,4,3,3
20	CAST:6,5,5,5,5,5,4,4,4,4
# Class Name	Hit Dice	Type										Class Type		Abbreviation	Source Page		Bonus Languages		Group of Prohibited Spells																																																																																				Define								Combat bonus												Modify VAR			Monster Role	Bonus
CLASS:Wizard	HD:4		TYPE:PC.Base.Spellcaster.Arcane.NonSpontaneousArcaneCaster	CLASSTYPE:PC	ABB:Wiz		SOURCEPAGE:p.55	LANGBONUS:Draconic	PROHIBITSPELL:SCHOOL.Abjuration|PREVARGTEQ:ProhibitAbjuration,1	PROHIBITSPELL:SCHOOL.Conjuration|PREVARGTEQ:ProhibitConjuration,1	PROHIBITSPELL:SCHOOL.Divination|PREVARGTEQ:ProhibitDivination,1	PROHIBITSPELL:SCHOOL.Enchantment|PREVARGTEQ:ProhibitEnchantment,1	PROHIBITSPELL:SCHOOL.Evocation|PREVARGTEQ:ProhibitEvocation,1	PROHIBITSPELL:SCHOOL.Illusion|PREVARGTEQ:ProhibitIllusion,1	PROHIBITSPELL:SCHOOL.Necromancy|PREVARGTEQ:ProhibitNecromancy,1	PROHIBITSPELL:SCHOOL.Transmutation|PREVARGTEQ:ProhibitTransmutation,1	DEFINE:WizardLVL|0	DEFINE:WizardSpecialist|0	BONUS:COMBAT|BASEAB|classlevel("APPLIEDAS=NONEPIC")*1/2|PREVAREQ:UseFractionalBAB,0	BONUS:VAR|WizardLVL|CL	ROLE:Wizard		BONUS:SAVE|BASE.Will|classlevel("APPLIEDAS=NONEPIC")/2+2	BONUS:SAVE|BASE.Fortitude,BASE.Reflex|classlevel("APPLIEDAS=NONEPIC")/3
# Class Name	Skill Pts/Lvl	Class Skill
CLASS:Wizard	STARTSKILLPTS:2	CSKILL:Concentration|TYPE=Craft|Decipher Script|TYPE=Knowledge|TYPE=Profession|Spellcraft
# Class Name	Spell Stat		Spell Type		Automatically Known Spell Levels	Spellbook		Caster level
CLASS:Wizard	SPELLSTAT:INT	SPELLTYPE:Arcane	KNOWNSPELLS:LEVEL=0			SPELLBOOK:YES	BONUS:CASTERLEVEL|Wizard|CL
#
SUBCLASS:Abjurer		COST:2	PROHIBITCOST:1	CHOICE:SCHOOL|Abjuration	BONUS:VAR|WizardSpecialist|1	KNOWNSPELLSFROMSPECIALTY:1
SUBCLASSLEVEL:1	ABILITY:Wizard Class Feature|AUTOMATIC|Abjurer Learning Bonus
SUBCLASS:Conjurer		COST:2	PROHIBITCOST:1	CHOICE:SCHOOL|Conjuration	BONUS:VAR|WizardSpecialist|1	KNOWNSPELLSFROMSPECIALTY:1
SUBCLASSLEVEL:1	ABILITY:Wizard Class Feature|AUTOMATIC|Conjurer Learning Bonus
SUBCLASS:Diviner		COST:1	PROHIBITCOST:0	CHOICE:SCHOOL|Divination	BONUS:VAR|WizardSpecialist|1	KNOWNSPELLSFROMSPECIALTY:1
SUBCLASSLEVEL:1	ABILITY:Wizard Class Feature|AUTOMATIC|Diviner Learning Bonus
SUBCLASS:Enchanter	COST:2	PROHIBITCOST:1	CHOICE:SCHOOL|Enchantment	BONUS:VAR|WizardSpecialist|1	KNOWNSPELLSFROMSPECIALTY:1
SUBCLASSLEVEL:1	ABILITY:Wizard Class Feature|AUTOMATIC|Enchanter Learning Bonus
SUBCLASS:Evoker		COST:2	PROHIBITCOST:1	CHOICE:SCHOOL|Evocation		BONUS:VAR|WizardSpecialist|1	KNOWNSPELLSFROMSPECIALTY:1
SUBCLASSLEVEL:1	ABILITY:Wizard Class Feature|AUTOMATIC|Evoker Learning Bonus
SUBCLASS:Illusionist	COST:2	PROHIBITCOST:1	CHOICE:SCHOOL|Illusion		BONUS:VAR|WizardSpecialist|1	KNOWNSPELLSFROMSPECIALTY:1
SUBCLASSLEVEL:1	ABILITY:Wizard Class Feature|AUTOMATIC|Illusionist Learning Bonus
SUBCLASS:Necromancer	COST:2	PROHIBITCOST:1	CHOICE:SCHOOL|Necromancy	BONUS:VAR|WizardSpecialist|1	KNOWNSPELLSFROMSPECIALTY:1
SUBCLASSLEVEL:1	ABILITY:Wizard Class Feature|AUTOMATIC|Necromancer Learning Bonus
SUBCLASS:Transmuter	COST:2	PROHIBITCOST:1	CHOICE:SCHOOL|Transmutation	BONUS:VAR|WizardSpecialist|1	KNOWNSPELLSFROMSPECIALTY:1
SUBCLASSLEVEL:1	ABILITY:Wizard Class Feature|AUTOMATIC|Transmuter Learning Bonus
###Block:
1	ABILITY:Wizard Class Feature|AUTOMATIC|Wizard ~ Weapon and Armor Proficiency|!PREABILITY:1,CATEGORY=ACF,TYPE.WizardProficiencies
1	ABILITY:Wizard Class Feature|AUTOMATIC|Wizard ~ Familiar|!PREABILITY:1,CATEGORY=ACF,TYPE.WizardSummonFamiliar
1	ABILITY:Wizard Class Feature|AUTOMATIC|Wizard ~ Scribe Scroll|!PREABILITY:1,CATEGORY=ACF,TYPE.WizardScribeScroll
5	ABILITY:Wizard Class Feature|AUTOMATIC|Wizard ~ Bonus Feats|!PREABILITY:1,CATEGORY=ACF,TYPE.WizardBonusFeats
1	ABILITY:Wizard Class Feature|AUTOMATIC|Wizard ~ Spellbooks|PREMULT:1,[PREMULT:2,[PREPCLEVEL:MAX=0],[PRECLASS:1,Wizard=1]],[PREMULT:2,[!PRECLASS:1,TYPE.Base=0],[PRECLASS:1,Wizard=1]]
###Block:
1	CAST:3,1
2	CAST:4,2
3	CAST:4,2,1
4	CAST:4,3,2
5	CAST:4,3,2,1
6	CAST:4,3,3,2
7	CAST:4,4,3,2,1
8	CAST:4,4,3,3,2
9	CAST:4,4,4,3,2,1
10	CAST:4,4,4,3,3,2
11	CAST:4,4,4,4,3,2,1
12	CAST:4,4,4,4,3,3,2
13	CAST:4,4,4,4,4,3,2,1
14	CAST:4,4,4,4,4,3,3,2
15	CAST:4,4,4,4,4,4,3,2,1
16	CAST:4,4,4,4,4,4,3,3,2
17	CAST:4,4,4,4,4,4,4,3,2,1
18	CAST:4,4,4,4,4,4,4,3,3,2
19	CAST:4,4,4,4,4,4,4,4,3,3
20	CAST:4,4,4,4,4,4,4,4,4,4